This is pdfTeX, Version 3.141592653-2.6-1.40.23 (TeX Live 2021/W32TeX) (preloaded format=pdflatex 2021.10.24)  28 OCT 2021 19:36
entering extended mode
 restricted \write18 enabled.
 file:line:error style messages enabled.
 %&-line parsing enabled.
**c:/Users/Amadeusz/Documents/Walker-thesis/main.tex
(c:/Users/Amadeusz/Documents/Walker-thesis/main.tex
LaTeX2e <2021-06-01> patch level 1
L3 programming layer <2021-10-18> (c:/texlive/2021/texmf-dist/tex/latex/memoir/memoir.cls
Document Class: memoir 2021/06/16 v3.7p configurable book, report, article document class
\onelineskip=\skip47
\lxvchars=\skip48
\xlvchars=\skip49
\@memcnta=\count182
\c@@memmarkcntra=\count183
(c:/texlive/2021/texmf-dist/tex/generic/iftex/iftex.sty
Package: iftex 2020/03/06 v1.0d TeX engine tests
)
\stockheight=\skip50
\stockwidth=\skip51
\trimtop=\skip52
\trimedge=\skip53
LaTeX Font Info:    Trying to load font information for T1+lmr on input line 706.
 (c:/texlive/2021/texmf-dist/tex/latex/lm/t1lmr.fd
File: t1lmr.fd 2015/05/01 v1.6.1 Font defs for Latin Modern
) (c:/texlive/2021/texmf-dist/tex/latex/memoir/mem12.clo
File: mem12.clo 2010/10/19 v0.4b memoir class 12pt size option
) (c:/texlive/2021/texmf-dist/tex/latex/lm/lmodern.sty
Package: lmodern 2015/05/01 v1.6.1 Latin Modern Fonts
LaTeX Font Info:    Overwriting symbol font `operators' in version `normal'
(Font)                  OT1/cmr/m/n --> OT1/lmr/m/n on input line 22.
LaTeX Font Info:    Overwriting symbol font `letters' in version `normal'
(Font)                  OML/cmm/m/it --> OML/lmm/m/it on input line 23.
LaTeX Font Info:    Overwriting symbol font `symbols' in version `normal'
(Font)                  OMS/cmsy/m/n --> OMS/lmsy/m/n on input line 24.
LaTeX Font Info:    Overwriting symbol font `largesymbols' in version `normal'
(Font)                  OMX/cmex/m/n --> OMX/lmex/m/n on input line 25.
LaTeX Font Info:    Overwriting symbol font `operators' in version `bold'
(Font)                  OT1/cmr/bx/n --> OT1/lmr/bx/n on input line 26.
LaTeX Font Info:    Overwriting symbol font `letters' in version `bold'
(Font)                  OML/cmm/b/it --> OML/lmm/b/it on input line 27.
LaTeX Font Info:    Overwriting symbol font `symbols' in version `bold'
(Font)                  OMS/cmsy/b/n --> OMS/lmsy/b/n on input line 28.
LaTeX Font Info:    Overwriting symbol font `largesymbols' in version `bold'
(Font)                  OMX/cmex/m/n --> OMX/lmex/m/n on input line 29.
LaTeX Font Info:    Overwriting math alphabet `\mathbf' in version `normal'
(Font)                  OT1/cmr/bx/n --> OT1/lmr/bx/n on input line 31.
LaTeX Font Info:    Overwriting math alphabet `\mathsf' in version `normal'
(Font)                  OT1/cmss/m/n --> OT1/lmss/m/n on input line 32.
LaTeX Font Info:    Overwriting math alphabet `\mathit' in version `normal'
(Font)                  OT1/cmr/m/it --> OT1/lmr/m/it on input line 33.
LaTeX Font Info:    Overwriting math alphabet `\mathtt' in version `normal'
(Font)                  OT1/cmtt/m/n --> OT1/lmtt/m/n on input line 34.
LaTeX Font Info:    Overwriting math alphabet `\mathbf' in version `bold'
(Font)                  OT1/cmr/bx/n --> OT1/lmr/bx/n on input line 35.
LaTeX Font Info:    Overwriting math alphabet `\mathsf' in version `bold'
(Font)                  OT1/cmss/bx/n --> OT1/lmss/bx/n on input line 36.
LaTeX Font Info:    Overwriting math alphabet `\mathit' in version `bold'
(Font)                  OT1/cmr/bx/it --> OT1/lmr/bx/it on input line 37.
LaTeX Font Info:    Overwriting math alphabet `\mathtt' in version `bold'
(Font)                  OT1/cmtt/m/n --> OT1/lmtt/m/n on input line 38.
) (c:/texlive/2021/texmf-dist/tex/latex/base/fontenc.sty
Package: fontenc 2021/04/29 v2.0v Standard LaTeX package
)
\binding=\skip54
\spinemargin=\skip55
\foremargin=\skip56
\uppermargin=\skip57
\lowermargin=\skip58
\headdrop=\skip59
\normalrulethickness=\skip60
\mem@maxheadheight=\skip61
\mem@maxfootheight=\skip62
\headwidth=\skip63
\c@storedpagenumber=\count184
\memPD=\dimen138
\m@mabparskip=\skip64
\thanksmarkwidth=\skip65
\thanksmarksep=\skip66
\droptitle=\skip67
\c@book=\count185
\c@part=\count186
\c@chapter=\count187
\c@section=\count188
\c@subsection=\count189
\c@subsubsection=\count190
\c@paragraph=\count191
\c@subparagraph=\count192
\beforechapskip=\skip68
\midchapskip=\skip69
\afterchapskip=\skip70
\chapindent=\skip71
\bottomsectionskip=\skip72
\secindent=\skip73
\beforesecskip=\skip74
\aftersecskip=\skip75
\subsecindent=\skip76
\beforesubsecskip=\skip77
\aftersubsecskip=\skip78
\subsubsecindent=\skip79
\beforesubsubsecskip=\skip80
\aftersubsubsecskip=\skip81
\paraindent=\skip82
\beforeparaskip=\skip83
\afterparaskip=\skip84
\subparaindent=\skip85
\beforesubparaskip=\skip86
\aftersubparaskip=\skip87
\pfbreakskip=\skip88
\c@@ppsavesec=\count193
\c@@ppsaveapp=\count194
\ragrparindent=\dimen139
\everylistparindent=\dimen140
\parsepi=\skip89
\topsepi=\skip90
\itemsepi=\skip91
\parsepii=\skip92
\topsepii=\skip93
\topsepiii=\skip94
\itemsepii=\skip95
\itemsepiii=\skip96
\partopsepii=\skip97
\partopsepiii=\skip98
\m@msavetopsep=\skip99
\m@msavepartopsep=\skip100
\@enLab=\toks16
\abstitleskip=\skip101
\absleftindent=\skip102
\abs@leftindent=\dimen141
\absrightindent=\skip103
\absparindent=\skip104
\absparsep=\skip105
\c@vslineno=\count195
\c@poemline=\count196
\c@modulo@vs=\count197
\c@memfvsline=\count198
\vleftskip=\skip106
\vrightskip=\skip107
\stanzaskip=\skip108
\versewidth=\skip109
\vgap=\skip110
\vindent=\skip111
\vleftmargin=\dimen142
\c@verse=\count199
\c@chrsinstr=\count266
\beforepoemtitleskip=\skip112
\afterpoemtitleskip=\skip113
\c@poem=\count267
\beforePoemTitleskip=\skip114
\midPoemTitleskip=\skip115
\afterPoemTitleskip=\skip116
 (c:/texlive/2021/texmf-dist/tex/latex/tools/array.sty
Package: array 2021/04/20 v2.5e Tabular extension package (FMi)
\col@sep=\dimen143
\ar@mcellbox=\box50
\extrarowheight=\dimen144
\NC@list=\toks17
\extratabsurround=\skip117
\backup@length=\skip118
\ar@cellbox=\box51
) (c:/texlive/2021/texmf-dist/tex/latex/tools/dcolumn.sty
Package: dcolumn 2014/10/28 v1.06 decimal alignment package (DPC)
) (c:/texlive/2021/texmf-dist/tex/latex/tools/delarray.sty
Package: delarray 2014/10/28 v1.01 array delimiter package (DPC)
) (c:/texlive/2021/texmf-dist/tex/latex/tools/tabularx.sty
Package: tabularx 2020/01/15 v2.11c `tabularx' package (DPC)
\TX@col@width=\dimen145
\TX@old@table=\dimen146
\TX@old@col=\dimen147
\TX@target=\dimen148
\TX@delta=\dimen149
\TX@cols=\count268
\TX@ftn=\toks18
)
\heavyrulewidth=\dimen150
\lightrulewidth=\dimen151
\cmidrulewidth=\dimen152
\belowrulesep=\dimen153
\belowbottomsep=\dimen154
\aboverulesep=\dimen155
\abovetopsep=\dimen156
\cmidrulesep=\dimen157
\cmidrulekern=\dimen158
\defaultaddspace=\dimen159
\@cmidla=\count269
\@cmidlb=\count270
\@aboverulesep=\dimen160
\@belowrulesep=\dimen161
\@thisruleclass=\count271
\@lastruleclass=\count272
\@thisrulewidth=\dimen162
\ctableftskip=\skip119
\ctabrightskip=\skip120
\abovecolumnspenalty=\count273
\@linestogo=\count274
\@cellstogo=\count275
\@cellsincolumn=\count276
\crtok=\toks19
\@mincolumnwidth=\dimen163
\c@newflo@tctr=\count277
\mem@margin@floatbox=\box52
\@contcwidth=\skip121
\@contindw=\skip122
\abovecaptionskip=\skip123
\belowcaptionskip=\skip124
\subfloattopskip=\skip125
\subfloatcapskip=\skip126
\subfloatcaptopadj=\skip127
\subfloatbottomskip=\skip128
\subfloatlabelskip=\skip129
\subfloatcapmargin=\dimen164
\c@@contsubnum=\count278
\m@mscap@capbox=\box53
\m@mscap@fbox=\box54
\sidecapsep=\dimen165
\sidecapwidth=\dimen166
\m@m@tempdima=\dimen167
\m@mscapraise=\dimen168
\sidecapraise=\dimen169
\m@mscapmainwidth=\dimen170
\m@mscaplkern=\dimen171
\beforeepigraphskip=\skip130
\afterepigraphskip=\skip131
\epigraphwidth=\skip132
\epigraphrule=\skip133
LaTeX Info: Redefining \em on input line 7654.
LaTeX Info: Redefining \emph on input line 7662.
\tocentryskip=\skip134
\tocbaseline=\skip135
\cftparskip=\skip136
\cftbeforebookskip=\skip137
\cftbookindent=\dimen172
\cftbooknumwidth=\dimen173
\cftbeforepartskip=\skip138
\cftpartindent=\skip139
\cftpartnumwidth=\skip140
\cftbeforechapterskip=\skip141
\cftchapterindent=\skip142
\cftchapternumwidth=\skip143
\cftbeforesectionskip=\skip144
\cftsectionindent=\skip145
\cftsectionnumwidth=\skip146
\cftbeforesubsectionskip=\skip147
\cftsubsectionindent=\skip148
\cftsubsectionnumwidth=\skip149
\cftbeforesubsubsectionskip=\skip150
\cftsubsubsectionindent=\skip151
\cftsubsubsectionnumwidth=\skip152
\cftbeforeparagraphskip=\skip153
\cftparagraphindent=\skip154
\cftparagraphnumwidth=\skip155
\cftbeforesubparagraphskip=\skip156
\cftsubparagraphindent=\skip157
\cftsubparagraphnumwidth=\skip158
\prechapterprecisshift=\dimen174
\c@maxsecnumdepth=\count279
\bibindent=\dimen175
\bibitemsep=\skip159
\indexcolsep=\skip160
\indexrule=\skip161
\indexmarkstyle=\toks20
\@indexbox=\insert252
\glossarycolsep=\dimen176
\glossaryrule=\dimen177
\sideparvshift=\skip162
\sideins=\insert251
\sidebartopsep=\skip163
\sidebarhsep=\skip164
\sidebarvsep=\skip165
\sidebarwidth=\skip166
\footmarkwidth=\skip167
\footmarksep=\skip168
\footparindent=\skip169
\footinsdim=\skip170
\footinsv@r=\insert250
\@mpfootinsv@r=\insert249
\m@m@k=\count280
\m@m@h=\dimen178
\m@mipn@skip=\skip171
\sidefootins=\insert248
\sidefootadjust=\skip172
\sidefootheight=\skip173
\sidefoothsep=\skip174
\sidefootvsep=\skip175
\sidefootwidth=\skip176
\m@mdownsf=\skip177
\c@sidefootnote=\count281
\sidefootmarkwidth=\skip178
\sidefootmarksep=\skip179
\sidefootparindent=\skip180
\c@pagenote=\count282
\c@pagenoteshadow=\count283
\mem@pn@lastkern=\skip181
\every@verbatim=\toks21
\afterevery@verbatim=\toks22
\verbatim@line=\toks23
\tab@position=\count284
\verbatim@in@stream=\read2
\verbatimindent=\skip182
\verbatim@out=\write3
\bvboxsep=\skip183
\c@memfbvline=\count285
\c@bvlinectr=\count286
\bvnumlength=\skip184
\fb@frw=\dimen179
\fb@frh=\dimen180
\FrameRule=\dimen181
\FrameSep=\dimen182
\c@cp@cntr=\count287
\c@ism@mctr=\count288
\c@xsm@mctr=\count289
\c@csm@mctr=\count290
\c@ksm@mctr=\count291
\c@xksm@mctr=\count292
\c@cksm@mctr=\count293
\c@msm@mctr=\count294
\c@xmsm@mctr=\count295
\c@cmsm@mctr=\count296
\c@bsm@mctr=\count297
\c@workm@mctr=\count298
\c@sheetsequence=\count299
\c@lastsheet=\count300
\c@lastpage=\count301
 (c:/texlive/2021/texmf-dist/tex/latex/textcase/textcase.sty
Package: textcase 2019/09/14 v1.00 Text only upper/lower case changing (DPC)
)
\c@figure=\count302
\c@lofdepth=\count303
\cftbeforefigureskip=\skip185
\cftfigureindent=\skip186
\cftfigurenumwidth=\skip187
\c@table=\count304
\c@lotdepth=\count305
\cftbeforetableskip=\skip188
\cfttableindent=\skip189
\cfttablenumwidth=\skip190
Package abstract [2008/07/23] emulated by memoir.
Package appendix [2008/07/23] emulated by memoir.
Package booktabs [2016/05/16] emulated by memoir.
Package ccaption [2008/07/23] emulated by memoir.
Package changepage [2008/07/23] emulated by memoir.
Package chngcntr [2008/07/23] emulated by memoir.
Package chngpage [2008/07/23] emulated by memoir.
Package crop emulated by memoir.
Package enumerate [2008/07/23] emulated by memoir.
Package epigraph [2008/07/23] emulated by memoir.
Package ifmtarg [2008/07/23] emulated by memoir.
Package index [2008/07/23] emulated by memoir.
Package makeidx [2008/07/23] emulated by memoir.
Package moreverb [2008/07/23] emulated by memoir.
Package needspace [2008/07/23] emulated by memoir.
Package newfile [2008/07/23] emulated by memoir.
Package nextpage [2008/07/23] emulated by memoir.
Package pagenote [2008/07/23] emulated by memoir.
Package parskip [2008/07/23] emulated by memoir.
Package patchcmd [2008/07/23] emulated by memoir.
Package setspace [2008/07/23] emulated by memoir.
Package shortvrb [2008/07/23] emulated by memoir.
Package showidx [2008/07/23] emulated by memoir.
Package titleref [2008/07/23] emulated by memoir.
Package titling [2008/07/23] emulated by memoir.
Package tocbibind [2008/07/23] emulated by memoir.
Package tocloft [2008/07/23] emulated by memoir.
Package tocvsec2 [2008/07/23] emulated by memoir.
Package verbatim [2008/07/23] emulated by memoir.
Package verse [2008/07/23] emulated by memoir.
) (c:/texlive/2021/texmf-dist/tex/latex/base/inputenc.sty
Package: inputenc 2021/02/14 v1.3d Input encoding file
\inpenc@prehook=\toks24
\inpenc@posthook=\toks25
) (c:/texlive/2021/texmf-dist/tex/latex/base/fontenc.sty
Package: fontenc 2021/04/29 v2.0v Standard LaTeX package
) (c:/texlive/2021/texmf-dist/tex/generic/babel/babel.sty
Package: babel 2021/10/19 3.65 The Babel package
\babel@savecnt=\count306
\U@D=\dimen183
\l@unhyphenated=\language87
 (c:/texlive/2021/texmf-dist/tex/generic/babel/txtbabel.def)
\bbl@readstream=\read3
\bbl@dirlevel=\count307
 (c:/texlive/2021/texmf-dist/tex/generic/babel-polish/polish.ldf
Language: polish 2005/03/31 v1.2l Polish support from the babel system
Package babel Info: Making " an active character on input line 83.
\pl@left=\dimen184
\pl@down=\dimen185
\pl@right=\dimen186
\pl@temp=\dimen187
)) (c:/texlive/2021/texmf-dist/tex/latex/graphics/color.sty
Package: color 2020/02/24 v1.2b Standard LaTeX Color (DPC)
 (c:/texlive/2021/texmf-dist/tex/latex/graphics-cfg/color.cfg
File: color.cfg 2016/01/02 v1.6 sample color configuration
)
Package color Info: Driver file: pdftex.def on input line 149.
 (c:/texlive/2021/texmf-dist/tex/latex/graphics-def/pdftex.def
File: pdftex.def 2020/10/05 v1.2a Graphics/color driver for pdftex
)) (c:/texlive/2021/texmf-dist/tex/latex/tools/calc.sty
Package: calc 2017/05/25 v4.3 Infix arithmetic (KKT,FJ)
\calc@Acount=\count308
\calc@Bcount=\count309
\calc@Adimen=\dimen188
\calc@Bdimen=\dimen189
\calc@Askip=\skip191
\calc@Bskip=\skip192
LaTeX Info: Redefining \setlength on input line 80.
LaTeX Info: Redefining \addtolength on input line 81.
\calc@Ccount=\count310
\calc@Cskip=\skip193
) (c:/texlive/2021/texmf-dist/tex/latex/ebgaramond/ebgaramond.sty
Package: ebgaramond 2020/04/12 (Bob Tennent and autoinst) Style file for EB Garamond fonts.
 (c:/texlive/2021/texmf-dist/tex/generic/iftex/ifxetex.sty
Package: ifxetex 2019/10/25 v0.7 ifxetex legacy package. Use iftex instead.
) (c:/texlive/2021/texmf-dist/tex/generic/iftex/ifluatex.sty
Package: ifluatex 2019/10/25 v1.5 ifluatex legacy package. Use iftex instead.
) (c:/texlive/2021/texmf-dist/tex/latex/xkeyval/xkeyval.sty
Package: xkeyval 2020/11/20 v2.8 package option processing (HA)
 (c:/texlive/2021/texmf-dist/tex/generic/xkeyval/xkeyval.tex (c:/texlive/2021/texmf-dist/tex/generic/xkeyval/xkvutils.tex
\XKV@toks=\toks26
\XKV@tempa@toks=\toks27
 (c:/texlive/2021/texmf-dist/tex/generic/xkeyval/keyval.tex))
\XKV@depth=\count311
File: xkeyval.tex 2014/12/03 v2.7a key=value parser (HA)
)) (c:/texlive/2021/texmf-dist/tex/latex/base/textcomp.sty
Package: textcomp 2020/02/02 v2.0n Standard LaTeX package
) (c:/texlive/2021/texmf-dist/tex/latex/base/fontenc.sty
Package: fontenc 2021/04/29 v2.0v Standard LaTeX package
) (c:/texlive/2021/texmf-dist/tex/latex/fontaxes/fontaxes.sty
Package: fontaxes 2020/07/21 v1.0e Font selection axes
LaTeX Info: Redefining \upshape on input line 29.
LaTeX Info: Redefining \itshape on input line 31.
LaTeX Info: Redefining \slshape on input line 33.
LaTeX Info: Redefining \swshape on input line 35.
LaTeX Info: Redefining \scshape on input line 37.
LaTeX Info: Redefining \sscshape on input line 39.
LaTeX Info: Redefining \ulcshape on input line 41.
LaTeX Info: Redefining \textsw on input line 47.
LaTeX Info: Redefining \textssc on input line 48.
LaTeX Info: Redefining \textulc on input line 49.
)
LaTeX Info: Redefining \oldstylenums on input line 179.
LaTeX Info: Redefining \textsw on input line 187.
) (c:/texlive/2021/texmf-dist/tex/latex/tex-gyre/tgtermes.sty
Package: tgtermes 2009/09/27 v1.2 TeX Gyre Termes as default roman family
 (c:/texlive/2021/texmf-dist/tex/latex/kvoptions/kvoptions.sty
Package: kvoptions 2020-10-07 v3.14 Key value format for package options (HO)
 (c:/texlive/2021/texmf-dist/tex/generic/ltxcmds/ltxcmds.sty
Package: ltxcmds 2020-05-10 v1.25 LaTeX kernel commands for general use (HO)
) (c:/texlive/2021/texmf-dist/tex/generic/kvsetkeys/kvsetkeys.sty
Package: kvsetkeys 2019/12/15 v1.18 Key value parser (HO)
))) (c:/texlive/2021/texmf-dist/tex/latex/listings/listings.sty
\lst@mode=\count312
\lst@gtempboxa=\box55
\lst@token=\toks28
\lst@length=\count313
\lst@currlwidth=\dimen190
\lst@column=\count314
\lst@pos=\count315
\lst@lostspace=\dimen191
\lst@width=\dimen192
\lst@newlines=\count316
\lst@lineno=\count317
\lst@maxwidth=\dimen193
 (c:/texlive/2021/texmf-dist/tex/latex/listings/lstmisc.sty
File: lstmisc.sty 2020/03/24 1.8d (Carsten Heinz)
\c@lstnumber=\count318
\lst@skipnumbers=\count319
\lst@framebox=\box56
) (c:/texlive/2021/texmf-dist/tex/latex/listings/listings.cfg
File: listings.cfg 2020/03/24 1.8d listings configuration
))
Package: listings 2020/03/24 1.8d (Carsten Heinz)


******************************************************
Stock height and width: 845.04684pt by 597.50787pt
Top and edge trims: 0pt and 0pt
Page height and width: 845.04684pt by 597.50787pt
Text height and width: 726.71497pt by 455pt
Spine and edge margins: 71.13188pt and 71.13188pt
Upper and lower margins: 52.05275pt and 66.27913pt
Headheight and headsep: 13.6pt and 10pt
Footskip: 23.6pt
Columnsep and columnseprule: 10pt and 0pt
Marginparsep and marginparwidth: 5.69054pt and 59.75081pt
Sidecapsep and sidecapwidth: 7pt and 42pt
Sidebarhsep and sidebarwidth: 7pt and 42pt
Sidebarvsep and sidebartopsep: 14.5pt and 0pt
Sidebarheight: 590.14995pt
Sidefoothsep and sidefootwidth: 7pt and 42pt
Sidefootvsep and sidefootheight: 14.5pt and 590.14995pt
******************************************************

(./memlays.sty
Package: memlays 2002/08/10 v1.0 Extra membook layouts
 (c:/texlive/2021/texmf-dist/tex/latex/layouts/layouts.sty
Package: layouts 2009/09/02 v2.6d graphical depiction of document elements
\l@ylen=\skip194
\layoutsbox=\box57
\l@youtunitlength=\skip195
\l@youtlinethick=\skip196
\l@youtlinethickii=\skip197
\l@ysetupparskip=\skip198
\l@ysetupbaselineskip=\skip199
\l@yonem=\skip256
\l@yonex=\skip257
\l@ylmarg=\skip258
\l@yrmarg=\skip259
\l@yitmindent=\skip260
\l@ylblwidth=\skip261
\l@ylblsep=\skip262
\l@ylparindent=\skip263
\l@ytsep=\skip264
\l@ypskip=\skip265
\l@yptsep=\skip266
\l@ypsep=\skip267
\l@yitmsep=\skip268
\l@ytok=\toks29
\l@youtpw=\count320
\l@youtph=\count321
\l@youthpi=\count322
\l@youthpii=\count323
\l@youthpiii=\count324
\l@youthpiv=\count325
\l@youthpv=\count326
\l@youthpvi=\count327
\l@youthpvii=\count328
\l@youtparskip=\count329
\l@youtvpi=\count330
\l@youtvpii=\count331
\l@youtvpiii=\count332
\l@youtvpiv=\count333
\l@youtvpv=\count334
\l@youtvpvi=\count335
\l@youtvpvii=\count336
\l@youthdo=\count337
\l@youthdi=\count338
\l@youthdii=\count339
\l@youthdiii=\count340
\l@youthdiv=\count341
\l@youthdv=\count342
\l@youthdvi=\count343
\l@youthdvii=\count344
\l@youtvdo=\count345
\l@youtvdi=\count346
\l@youtvdii=\count347
\l@youtvdiii=\count348
\l@youtvdiv=\count349
\l@youtvdv=\count350
\l@youtvdvi=\count351
\l@youtvdvii=\count352
\l@youtvdviii=\count353
\l@youtxci=\count354
\l@youtxcii=\count355
\l@youtxciii=\count356
\l@youtxciv=\count357
\l@youtxcv=\count358
\l@youtxcvi=\count359
\l@youtyci=\count360
\l@youtycii=\count361
\l@youtyciii=\count362
\l@youtyciv=\count363
\l@youtycv=\count364
\l@youtycvi=\count365
\l@youtycvii=\count366
\l@youtycviii=\count367
\l@youtxco=\count368
\l@youtyco=\count369
\l@ytempdima=\skip269
)) (c:/texlive/2021/texmf-dist/tex/latex/printlen/printlen.sty
Package: printlen 2009/09/03 v1.1a print lengths with units
) (c:/texlive/2021/texmf-dist/tex/latex/enumitem/enumitem.sty
Package: enumitem 2019/06/20 v3.9 Customized lists
\enitkv@toks@=\toks30
\labelindent=\skip270
\enit@outerparindent=\dimen194
\enit@toks=\toks31
\enit@inbox=\box58
\enit@count@id=\count370
\enitdp@description=\count371
) (c:/texlive/2021/texmf-dist/tex/latex/imakeidx/imakeidx.sty
Package: imakeidx 2016/10/15 v1.3e Package for typesetting indices in a synchronous mode
 (c:/texlive/2021/texmf-dist/tex/latex/tools/multicol.sty
Package: multicol 2019/12/09 v1.8y multicolumn formatting (FMi)
\c@tracingmulticols=\count372
\mult@box=\box59
\multicol@leftmargin=\dimen195
\c@unbalance=\count373
\c@collectmore=\count374
\doublecol@number=\count375
\multicoltolerance=\count376
\multicolpretolerance=\count377
\full@width=\dimen196
\page@free=\dimen197
\premulticols=\dimen198
\postmulticols=\dimen199
\multicolsep=\skip271
\multicolbaselineskip=\skip272
\partial@page=\box60
\last@line=\box61
\maxbalancingoverflow=\dimen256
\mult@rightbox=\box62
\mult@grightbox=\box63
\mult@gfirstbox=\box64
\mult@firstbox=\box65
\@tempa=\box66
\@tempa=\box67
\@tempa=\box68
\@tempa=\box69
\@tempa=\box70
\@tempa=\box71
\@tempa=\box72
\@tempa=\box73
\@tempa=\box74
\@tempa=\box75
\@tempa=\box76
\@tempa=\box77
\@tempa=\box78
\@tempa=\box79
\@tempa=\box80
\@tempa=\box81
\@tempa=\box82
\@tempa=\box83
\@tempa=\box84
\@tempa=\box85
\@tempa=\box86
\@tempa=\box87
\@tempa=\box88
\@tempa=\box89
\@tempa=\box90
\@tempa=\box91
\@tempa=\box92
\@tempa=\box93
\@tempa=\box94
\@tempa=\box95
\@tempa=\box96
\@tempa=\box97
\@tempa=\box98
\@tempa=\box99
\@tempa=\box100
\@tempa=\box101
\@tempa=\box102
\c@minrows=\count378
\c@columnbadness=\count379
\c@finalcolumnbadness=\count380
\last@try=\dimen257
\multicolovershoot=\dimen258
\multicolundershoot=\dimen259
\mult@nat@firstbox=\box103
\colbreak@box=\box104
\mc@col@check@num=\count381
))
\main@idxfile=\write4
\openout4 = `main.idx'.


Writing index file main.idx
(c:/texlive/2021/texmf-dist/tex/generic/iftex/ifpdf.sty
Package: ifpdf 2019/10/25 v3.4 ifpdf legacy package. Use iftex instead.
) (c:/texlive/2021/texmf-dist/tex/latex/hyperref/hyperref.sty
Package: hyperref 2021-06-07 v7.00m Hypertext links for LaTeX
 (c:/texlive/2021/texmf-dist/tex/generic/pdftexcmds/pdftexcmds.sty
Package: pdftexcmds 2020-06-27 v0.33 Utility functions of pdfTeX for LuaTeX (HO)
 (c:/texlive/2021/texmf-dist/tex/generic/infwarerr/infwarerr.sty
Package: infwarerr 2019/12/03 v1.5 Providing info/warning/error messages (HO)
)
Package pdftexcmds Info: \pdf@primitive is available.
Package pdftexcmds Info: \pdf@ifprimitive is available.
Package pdftexcmds Info: \pdfdraftmode found.
) (c:/texlive/2021/texmf-dist/tex/generic/kvdefinekeys/kvdefinekeys.sty
Package: kvdefinekeys 2019-12-19 v1.6 Define keys (HO)
) (c:/texlive/2021/texmf-dist/tex/generic/pdfescape/pdfescape.sty
Package: pdfescape 2019/12/09 v1.15 Implements pdfTeX's escape features (HO)
) (c:/texlive/2021/texmf-dist/tex/latex/hycolor/hycolor.sty
Package: hycolor 2020-01-27 v1.10 Color options for hyperref/bookmark (HO)
) (c:/texlive/2021/texmf-dist/tex/latex/letltxmacro/letltxmacro.sty
Package: letltxmacro 2019/12/03 v1.6 Let assignment for LaTeX macros (HO)
) (c:/texlive/2021/texmf-dist/tex/latex/auxhook/auxhook.sty
Package: auxhook 2019-12-17 v1.6 Hooks for auxiliary files (HO)
)
\@linkdim=\dimen260
\Hy@linkcounter=\count382
\Hy@pagecounter=\count383
 (c:/texlive/2021/texmf-dist/tex/latex/hyperref/pd1enc.def
File: pd1enc.def 2021-06-07 v7.00m Hyperref: PDFDocEncoding definition (HO)
Now handling font encoding PD1 ...
... no UTF-8 mapping file for font encoding PD1
) (c:/texlive/2021/texmf-dist/tex/latex/hyperref/hyperref-langpatches.def
File: hyperref-langpatches.def 2021-06-07 v7.00m Hyperref: patches for babel languages
) (c:/texlive/2021/texmf-dist/tex/generic/intcalc/intcalc.sty
Package: intcalc 2019/12/15 v1.3 Expandable calculations with integers (HO)
) (c:/texlive/2021/texmf-dist/tex/generic/etexcmds/etexcmds.sty
Package: etexcmds 2019/12/15 v1.7 Avoid name clashes with e-TeX commands (HO)
)
\Hy@SavedSpaceFactor=\count384
 (c:/texlive/2021/texmf-dist/tex/latex/hyperref/puenc.def
File: puenc.def 2021-06-07 v7.00m Hyperref: PDF Unicode definition (HO)
Now handling font encoding PU ...
... no UTF-8 mapping file for font encoding PU
)
Package hyperref Info: Option `bookmarks' set `true' on input line 4073.
Package hyperref Info: Option `breaklinks' set `true' on input line 4073.
Package hyperref Info: Option `unicode' set `true' on input line 4073.
Package hyperref Info: Hyper figures OFF on input line 4192.
Package hyperref Info: Link nesting OFF on input line 4197.
Package hyperref Info: Hyper index ON on input line 4200.
Package hyperref Info: Plain pages OFF on input line 4207.
Package hyperref Info: Backreferencing OFF on input line 4212.
Package hyperref Info: Implicit mode ON; LaTeX internals redefined.
Package hyperref Info: Bookmarks ON on input line 4445.
\c@Hy@tempcnt=\count385
 (c:/texlive/2021/texmf-dist/tex/latex/url/url.sty
\Urlmuskip=\muskip16
Package: url 2013/09/16  ver 3.4  Verb mode for urls, etc.
)
LaTeX Info: Redefining \url on input line 4804.
\XeTeXLinkMargin=\dimen261
 (c:/texlive/2021/texmf-dist/tex/generic/bitset/bitset.sty
Package: bitset 2019/12/09 v1.3 Handle bit-vector datatype (HO)
 (c:/texlive/2021/texmf-dist/tex/generic/bigintcalc/bigintcalc.sty
Package: bigintcalc 2019/12/15 v1.5 Expandable calculations on big integers (HO)
))
\Fld@menulength=\count386
\Field@Width=\dimen262
\Fld@charsize=\dimen263
Package hyperref Info: Hyper figures OFF on input line 6076.
Package hyperref Info: Link nesting OFF on input line 6081.
Package hyperref Info: Hyper index ON on input line 6084.
Package hyperref Info: backreferencing OFF on input line 6091.
Package hyperref Info: Link coloring OFF on input line 6096.
Package hyperref Info: Link coloring with OCG OFF on input line 6101.
Package hyperref Info: PDF/A mode OFF on input line 6106.
LaTeX Info: Redefining \ref on input line 6146.
LaTeX Info: Redefining \pageref on input line 6150.
 (c:/texlive/2021/texmf-dist/tex/latex/base/atbegshi-ltx.sty
Package: atbegshi-ltx 2021/01/10 v1.0c Emulation of the original atbegshi
package with kernel methods
)
\Hy@abspage=\count387
\c@Item=\count388
\c@Hfootnote=\count389
) (c:/texlive/2021/texmf-dist/tex/latex/memoir/memhfixc.sty
Package: memhfixc 2021/06/16 v1.19 nameref/hyperref package fixes for memoir class
\c@memhycontfloat=\count390
\c@Hpagenote=\count391
)
Package hyperref Info: Driver: hpdftex.
 (c:/texlive/2021/texmf-dist/tex/latex/hyperref/hpdftex.def
File: hpdftex.def 2021-06-07 v7.00m Hyperref driver for pdfTeX
 (c:/texlive/2021/texmf-dist/tex/latex/base/atveryend-ltx.sty
Package: atveryend-ltx 2020/08/19 v1.0a Emulation of the original atvery package
with kernel methods
)
\Fld@listcount=\count392
\c@bookmark@seq@number=\count393
 (c:/texlive/2021/texmf-dist/tex/latex/rerunfilecheck/rerunfilecheck.sty
Package: rerunfilecheck 2019/12/05 v1.9 Rerun checks for auxiliary files (HO)
 (c:/texlive/2021/texmf-dist/tex/generic/uniquecounter/uniquecounter.sty
Package: uniquecounter 2019/12/15 v1.4 Provide unlimited unique counter (HO)
)
Package uniquecounter Info: New unique counter `rerunfilecheck' on input line 286.
)
\Hy@SectionHShift=\skip273
) (c:/texlive/2021/texmf-dist/tex/latex/graphics/graphicx.sty
Package: graphicx 2020/12/05 v1.2c Enhanced LaTeX Graphics (DPC,SPQR)
 (c:/texlive/2021/texmf-dist/tex/latex/graphics/graphics.sty
Package: graphics 2021/03/04 v1.4d Standard LaTeX Graphics (DPC,SPQR)
 (c:/texlive/2021/texmf-dist/tex/latex/graphics/trig.sty
Package: trig 2016/01/03 v1.10 sin cos tan (DPC)
) (c:/texlive/2021/texmf-dist/tex/latex/graphics-cfg/graphics.cfg
File: graphics.cfg 2016/06/04 v1.11 sample graphics configuration
)
Package graphics Info: Driver file: pdftex.def on input line 107.
)
\Gin@req@height=\dimen264
\Gin@req@width=\dimen265
)
LaTeX Font Info:    Trying to load font information for T1+qtm on input line 497.
 (c:/texlive/2021/texmf-dist/tex/latex/tex-gyre/t1qtm.fd
File: t1qtm.fd 2009/09/25 v1.2 font definition file for T1/qtm
) (c:/texlive/2021/texmf-dist/tex/latex/l3backend/l3backend-pdftex.def
File: l3backend-pdftex.def 2021-10-18 L3 backend support: PDF output (pdfTeX)
\l__color_backend_stack_int=\count394
\l__pdf_internal_box=\box105
) (./main.aux (./skroty.aux) (./rozdzial01.aux) (./rozdzial02.aux) (./rozdzial03.aux) (./rozdzial04.aux) (./rozdzial05.aux) (./rozdzial06.aux) (./dodatekA.aux) (./dodatekB.aux))
\openout1 = `main.aux'.

LaTeX Font Info:    Checking defaults for OML/cmm/m/it on input line 497.
LaTeX Font Info:    ... okay on input line 497.
LaTeX Font Info:    Checking defaults for OMS/cmsy/m/n on input line 497.
LaTeX Font Info:    ... okay on input line 497.
LaTeX Font Info:    Checking defaults for OT1/cmr/m/n on input line 497.
LaTeX Font Info:    ... okay on input line 497.
LaTeX Font Info:    Checking defaults for T1/cmr/m/n on input line 497.
LaTeX Font Info:    ... okay on input line 497.
LaTeX Font Info:    Checking defaults for TS1/cmr/m/n on input line 497.
LaTeX Font Info:    ... okay on input line 497.
LaTeX Font Info:    Checking defaults for OMX/cmex/m/n on input line 497.
LaTeX Font Info:    ... okay on input line 497.
LaTeX Font Info:    Checking defaults for U/cmr/m/n on input line 497.
LaTeX Font Info:    ... okay on input line 497.
LaTeX Font Info:    Checking defaults for PD1/pdf/m/n on input line 497.
LaTeX Font Info:    ... okay on input line 497.
LaTeX Font Info:    Checking defaults for PU/pdf/m/n on input line 497.
LaTeX Font Info:    ... okay on input line 497.
 (c:/texlive/2021/texmf-dist/tex/context/base/mkii/supp-pdf.mkii
[Loading MPS to PDF converter (version 2006.09.02).]
\scratchcounter=\count395
\scratchdimen=\dimen266
\scratchbox=\box106
\nofMPsegments=\count396
\nofMParguments=\count397
\everyMPshowfont=\toks32
\MPscratchCnt=\count398
\MPscratchDim=\dimen267
\MPnumerator=\count399
\makeMPintoPDFobject=\count400
\everyMPtoPDFconversion=\toks33
) (c:/texlive/2021/texmf-dist/tex/latex/epstopdf-pkg/epstopdf-base.sty
Package: epstopdf-base 2020-01-24 v2.11 Base part for package epstopdf
 (c:/texlive/2021/texmf-dist/tex/latex/grfext/grfext.sty
Package: grfext 2019/12/03 v1.3 Manage graphics extensions (HO)
)
Package epstopdf-base Info: Redefining graphics rule for `.eps' on input line 485.
Package grfext Info: Graphics extension search list:
(grfext)             [.pdf,.jpg,.mps,.png,.eps]
(grfext)             \AppendGraphicsExtensions on input line 504.
 (c:/texlive/2021/texmf-dist/tex/latex/latexconfig/epstopdf-sys.cfg
File: epstopdf-sys.cfg 2010/07/13 v1.3 Configuration of (r)epstopdf for TeX Live
))
\c@mv@tabular=\count401
\c@mv@boldtabular=\count402
\c@lstlisting=\count403


Package layouts Warning: Layout scale set to 0.5 on input line 497.

Package hyperref Info: Link coloring OFF on input line 497.
(c:/texlive/2021/texmf-dist/tex/latex/hyperref/nameref.sty
Package: nameref 2021-04-02 v2.47 Cross-referencing by name of section
 (c:/texlive/2021/texmf-dist/tex/latex/refcount/refcount.sty
Package: refcount 2019/12/15 v3.6 Data extraction from label references (HO)
) (c:/texlive/2021/texmf-dist/tex/generic/gettitlestring/gettitlestring.sty
Package: gettitlestring 2019/12/15 v1.6 Cleanup title references (HO)
)
\c@section@level=\count404
)
Redoing nameref's sectioning
Redoing nameref's label
LaTeX Info: Redefining \nameref on input line 497.
LaTeX Info: Redefining \ref on input line 497.
LaTeX Info: Redefining \pageref on input line 497.
LaTeX Info: Redefining \nameref on input line 497.
(./main.out) (./main.out)
\@outlinefile=\write5
\openout5 = `main.out'.

LaTeX Font Info:    Trying to load font information for T1+EBGaramond-OsF on input line 505.
 (c:/texlive/2021/texmf-dist/tex/latex/ebgaramond/T1EBGaramond-OsF.fd
File: T1EBGaramond-OsF.fd 2019/10/22 (autoinst) Font definitions for T1/EBGaramond-OsF.
)
LaTeX Font Info:    Font shape `T1/EBGaramond-OsF/m/n' in size <12> not available
(Font)              Font shape `T1/EBGaramond-OsF/regular/n' tried instead on input line 505.
LaTeX Font Info:    Font shape `T1/EBGaramond-OsF/regular/n' will be
(Font)              scaled to size 12.0pt on input line 505.
\tmpfboxrule=\skip274
LaTeX Font Info:    Font shape `T1/EBGaramond-OsF/m/n' in size <16> not available
(Font)              Font shape `T1/EBGaramond-OsF/regular/n' tried instead on input line 505.
LaTeX Font Info:    Font shape `T1/EBGaramond-OsF/regular/n' will be
(Font)              scaled to size 16.0pt on input line 505.
LaTeX Font Info:    Font shape `T1/EBGaramond-OsF/m/n' in size <14> not available
(Font)              Font shape `T1/EBGaramond-OsF/regular/n' tried instead on input line 505.
LaTeX Font Info:    Font shape `T1/EBGaramond-OsF/regular/n' will be
(Font)              scaled to size 14.0pt on input line 505.
LaTeX Font Info:    Trying to load font information for OT1+lmr on input line 505.
 (c:/texlive/2021/texmf-dist/tex/latex/lm/ot1lmr.fd
File: ot1lmr.fd 2015/05/01 v1.6.1 Font defs for Latin Modern
)
LaTeX Font Info:    Trying to load font information for OML+lmm on input line 505.
 (c:/texlive/2021/texmf-dist/tex/latex/lm/omllmm.fd
File: omllmm.fd 2015/05/01 v1.6.1 Font defs for Latin Modern
)
LaTeX Font Info:    Trying to load font information for OMS+lmsy on input line 505.
 (c:/texlive/2021/texmf-dist/tex/latex/lm/omslmsy.fd
File: omslmsy.fd 2015/05/01 v1.6.1 Font defs for Latin Modern
)
LaTeX Font Info:    Trying to load font information for OMX+lmex on input line 505.
 (c:/texlive/2021/texmf-dist/tex/latex/lm/omxlmex.fd
File: omxlmex.fd 2015/05/01 v1.6.1 Font defs for Latin Modern
)
LaTeX Font Info:    External font `lmex10' loaded for size
(Font)              <12> on input line 505.
LaTeX Font Info:    External font `lmex10' loaded for size
(Font)              <8> on input line 505.
LaTeX Font Info:    External font `lmex10' loaded for size
(Font)              <6> on input line 505.
LaTeX Font Info:    Font shape `T1/EBGaramond-OsF/m/n' in size <22> not available
(Font)              Font shape `T1/EBGaramond-OsF/regular/n' tried instead on input line 505.
LaTeX Font Info:    Font shape `T1/EBGaramond-OsF/regular/n' will be
(Font)              scaled to size 22.0pt on input line 505.
LaTeX Font Info:    Calculating math sizes for size <14> on input line 505.
LaTeX Font Info:    External font `lmex10' loaded for size
(Font)              <14> on input line 505.
LaTeX Font Info:    External font `lmex10' loaded for size
(Font)              <9.79996> on input line 505.
LaTeX Font Info:    External font `lmex10' loaded for size
(Font)              <7> on input line 505.
LaTeX Font Info:    Font shape `T1/EBGaramond-OsF/m/n' in size <32> not available
(Font)              Font shape `T1/EBGaramond-OsF/regular/n' tried instead on input line 505.
LaTeX Font Info:    Font shape `T1/EBGaramond-OsF/regular/n' will be
(Font)              scaled to size 32.0pt on input line 505.

Underfull \hbox (badness 10000) in alignment at lines 505--505
[][] 
 []


Overfull \hbox (14.5pt too wide) in paragraph at lines 505--505
[][]
 []


Class memoir Warning: The material used in the headers is too large
(14.49998pt) for the given head height (13.6pt), it is recommended to
either increase the head height or redesign the header
(in both cases you will find help in the memoir manual). on input line 505.


Overfull \vbox (0.89998pt too high) has occurred while \output is active []

 [1

{c:/texlive/2021/texmf-var/fonts/map/pdftex/updmap/pdftex.map}]
<by-nc-sa.png, id=154, 1101.51524pt x 387.24675pt>
File: by-nc-sa.png Graphic file (type png)
<use by-nc-sa.png>
Package pdftex.def Info: by-nc-sa.png  used on input line 513.
(pdftex.def)             Requested size: 85.35826pt x 30.0054pt.
LaTeX Font Info:    Trying to load font information for T1+txtt on input line 516.
 (c:/texlive/2021/texmf-dist/tex/latex/txfonts/t1txtt.fd
File: t1txtt.fd 2000/12/15 v3.1
)
Overfull \vbox (0.89998pt too high) has occurred while \output is active []

 [2

 <./by-nc-sa.png>] (./main.toc)
Overfull \vbox (0.89998pt too high) has occurred while \output is active []

 [3] (./main.lof)
Overfull \vbox (0.89998pt too high) has occurred while \output is active []

 [4] (./main.lot)
Overfull \vbox (0.89998pt too high) has occurred while \output is active []

 [5]
\openout2 = `skroty.aux'.

 (./skroty.tex

Package enumitem Warning: Negative labelwidth. This does not make much
(enumitem)                sense, on input line 5.

)
Overfull \vbox (0.89998pt too high) has occurred while \output is active []

 [6


]
\openout2 = `rozdzial01.aux'.

 (./rozdzial01.tex
Underfull \hbox (badness 2990) in paragraph at lines 17--17
[]|\T1/qtm/m/n/10.95 Zalecana jest in-sta-la-cja \T1/txtt/m/n/10.95 Basic
 []


Underfull \hbox (badness 6001) in paragraph at lines 17--17
\T1/txtt/m/n/10.95 MiKTeX \T1/qtm/m/n/10.95 z dys-tru-bu-cji 32 lub
 []


Underfull \hbox (badness 10000) in paragraph at lines 17--17
[]|[]$\T1/txtt/m/n/10.95 http : / / www . texniccenter . org /
 []


Underfull \hbox (badness 10000) in paragraph at lines 17--17
[]|[]$\T1/txtt/m/n/10.95 http : / / www . sumatrapdfreader .
 []


Underfull \hbox (badness 10000) in paragraph at lines 17--17
\T1/txtt/m/n/10.95 org / download-[]free-[]pdf-[]viewer .
 []


Underfull \hbox (badness 10000) in paragraph at lines 17--17
[]|[]$\T1/txtt/m/n/10.95 http : / / www . fosshub . com /
 []

)
Overfull \vbox (0.89998pt too high) has occurred while \output is active []

 [7




]
\openout2 = `rozdzial02.aux'.

 (./rozdzial02.tex

LaTeX Warning: \verb may be unreliable inside tabularx on input line 53.


Overfull \vbox (0.89998pt too high) has occurred while \output is active []

 [8




]
Underfull \hbox (badness 2096) in paragraph at lines 60--61
[]\T1/qtm/m/n/12 Kodowanie zna-ków jest istotne rów-nie» przy edy-to-wa-niu bazy da-nych bi-blio-gra-ficz-
 []


Overfull \vbox (0.89998pt too high) has occurred while \output is active []

 [9])
Overfull \vbox (0.89998pt too high) has occurred while \output is active []

 [10]
\openout2 = `rozdzial03.aux'.

 (./rozdzial03.tex

Package layouts Warning: Layout scale set to 0.43 on input line 12.


Package layouts Warning: Layout scale set to 0.43 on input line 23.

LaTeX Font Info:    External font `lmex10' loaded for size
(Font)              <10> on input line 29.
LaTeX Font Info:    External font `lmex10' loaded for size
(Font)              <5> on input line 29.

Overfull \vbox (0.89998pt too high) has occurred while \output is active []

 [11




]
Overfull \vbox (0.89998pt too high) has occurred while \output is active []

 [12]
<rys03/praca-dyplomowa2.png, id=315, 364.9635pt x 517.935pt>
File: rys03/praca-dyplomowa2.png Graphic file (type png)
<use rys03/praca-dyplomowa2.png>
Package pdftex.def Info: rys03/praca-dyplomowa2.png  used on input line 57.
(pdftex.def)             Requested size: 273.00278pt x 387.4545pt.

Overfull \vbox (0.89998pt too high) has occurred while \output is active []

 [13 <./rys03/praca-dyplomowa2.png>]
Overfull \vbox (0.89998pt too high) has occurred while \output is active []

 [14]
Underfull \hbox (badness 5189) in paragraph at lines 148--152
\T1/txtt/m/n/12 ps-[]type1 / bakoma / ttf / ?lang = en$[]\T1/qtm/m/n/12 , []$\T1/txtt/m/n/12 http : / / www . gust . org . pl / projects / e-[]foundry /
 []


Package layouts Warning: Layout scale set to 0.7 on input line 156.


Overfull \vbox (0.89998pt too high) has occurred while \output is active []

 [15]
Overfull \vbox (0.89998pt too high) has occurred while \output is active []

 [16]
Overfull \vbox (0.89998pt too high) has occurred while \output is active []

 [17]

Package layouts Warning: Layout scale set to 0.35 on input line 236.


Package layouts Warning: Layout scale set to 0.6 on input line 262.


Overfull \vbox (0.89998pt too high) has occurred while \output is active []

 [18]

Package layouts Warning: Layout scale set to 0.43 on input line 290.


Overfull \vbox (0.89998pt too high) has occurred while \output is active []

 [19])
Overfull \vbox (0.89998pt too high) has occurred while \output is active []

 [20]
\openout2 = `rozdzial04.aux'.

 (./rozdzial04.tex
Underfull \hbox (badness 10000) in paragraph at lines 5--43

 []


Overfull \vbox (0.89998pt too high) has occurred while \output is active []

 [21




])
Overfull \vbox (0.89998pt too high) has occurred while \output is active []

 [22]
\openout2 = `rozdzial05.aux'.

 (./rozdzial05.tex
Overfull \vbox (0.89998pt too high) has occurred while \output is active []

 [23




]
<rys05/kanji-giri.pdf, id=477, 23.21744pt x 11.60876pt>
File: rys05/kanji-giri.pdf Graphic file (type pdf)
<use rys05/kanji-giri.pdf>
Package pdftex.def Info: rys05/kanji-giri.pdf  used on input line 39.
(pdftex.def)             Requested size: 136.50139pt x 68.29262pt.
<rys05/beta1.pdf, id=478, 318.67084pt x 196.32407pt>
File: rys05/beta1.pdf Graphic file (type pdf)
<use rys05/beta1.pdf>
Package pdftex.def Info: rys05/beta1.pdf  used on input line 48.
(pdftex.def)             Requested size: 216.12778pt x 133.15408pt.
<rys05/alfa1.pdf, id=479, 1308.82678pt x 281.68228pt>
File: rys05/alfa1.pdf Graphic file (type pdf)
<use rys05/alfa1.pdf>
Package pdftex.def Info: rys05/alfa1.pdf  used on input line 49.
(pdftex.def)             Requested size: 216.12778pt x 46.51425pt.

Overfull \vbox (0.89998pt too high) has occurred while \output is active []

 [24 <./rys05/kanji-giri.pdf> <./rys05/beta1.pdf> <./rys05/alfa1.pdf>]
Overfull \vbox (0.89998pt too high) has occurred while \output is active []

 [25]
Underfull \hbox (badness 10000) in paragraph at lines 120--122
[]\T1/qtm/m/n/12 korzystaj¡c z po-le-ce-nia [][]\T1/txtt/m/n/12 \lstin []\T1/qtm/m/n/12 umo»-li-wia-j¡-cego wy-pi-sa-nie kodu
 []


Underfull \hbox (badness 10000) in paragraph at lines 120--122
\T1/qtm/m/n/12 czcionk¡ usta-wian¡ w opcjach jak w przy-kªa-dzie [][][] (efekt ko-mendy
 []


Underfull \hbox (badness 2980) in paragraph at lines 120--122
[][]\T1/txtt/m/n/12 \lstset{basicstyle=\ttfamily}\lstinline{tutaj}[]\T1/qtm/m/n/12 ) lub [][][] (efekt ko-mendy
 []


Overfull \vbox (0.89998pt too high) has occurred while \output is active []

 [26]
Overfull \hbox (0.87944pt too wide) in paragraph at lines 180--181
[][][][][][][][][][][][][][][][][][][][][][][][][][] 
 []


Overfull \vbox (0.89998pt too high) has occurred while \output is active []

 [27]
Overfull \vbox (0.89998pt too high) has occurred while \output is active []

 [28]
Underfull \hbox (badness 2547) in paragraph at lines 251--252
[]\T1/qtm/m/n/12 u»ywaj¡c pa-kietu \T1/txtt/m/n/12 setspace \T1/qtm/m/n/12 (nie-za-le-cane). Po-nie-wa» klasa \T1/txtt/m/n/12 memoir \T1/qtm/m/n/12 emu-luje pa-kiet
 []


Overfull \hbox (1.00464pt too wide) in paragraph at lines 275--276
[][][][][][][][][][][][][][][][][][][][][][] 
 []

)
Overfull \vbox (0.89998pt too high) has occurred while \output is active []

 [29]
\openout2 = `rozdzial06.aux'.

 (./rozdzial06.tex)
Overfull \vbox (0.89998pt too high) has occurred while \output is active []

 [30




] (./main.bbl
bibitemlist
)
Overfull \vbox (0.89998pt too high) has occurred while \output is active []

 [31



]
\openout2 = `dodatekA.aux'.

 (./dodatekA.tex)
Overfull \vbox (0.89998pt too high) has occurred while \output is active []

 [32


]
\openout2 = `dodatekB.aux'.

 (./dodatekB.tex)
Overfull \vbox (0.89998pt too high) has occurred while \output is active []

 [33




] (./main.ind)

Class memoir Warning: The material used in the headers is too large
(14.49998pt) for the given head height (13.6pt), it is recommended to
either increase the head height or redesign the header
(in both cases you will find help in the memoir manual). on input line 569.


Overfull \vbox (0.89998pt too high) has occurred while \output is active []

 [34




]
\tf@toc=\write6
\openout6 = `main.toc'.

\tf@lof=\write7
\openout7 = `main.lof'.

\tf@lot=\write8
\openout8 = `main.lot'.



Package imakeidx Warning: Remember to run (pdf)latex again after calling
(imakeidx)                `makeindex main.idx'.

(./main.aux (./skroty.aux) (./rozdzial01.aux) (./rozdzial02.aux) (./rozdzial03.aux) (./rozdzial04.aux) (./rozdzial05.aux) (./rozdzial06.aux) (./dodatekA.aux) (./dodatekB.aux))
Package rerunfilecheck Info: File `main.out' has not changed.
(rerunfilecheck)             Checksum: 217CEC62A595F3A8A99AB32E5DB30A70;5268.
 ) 
Here is how much of TeX's memory you used:
 16632 strings out of 478579
 248283 string characters out of 5857457
 663286 words of memory out of 5000000
 33887 multiletter control sequences out of 15000+600000
 519957 words of font info for 87 fonts, out of 8000000 for 9000
 1141 hyphenation exceptions out of 8191
 60i,14n,66p,1054b,1935s stack positions out of 5000i,500n,10000p,200000b,80000s
{c:/texlive/2021/texmf-dist/fonts/enc/dvips/lm/lm-mathit.enc}{c:/texlive/2021/texmf-dist/fonts/enc/dvips/lm/lm-rm.enc}{c:/texlive/2021/texmf-dist/fonts/enc/dvips/lm/lm-mathex.enc}{c:/texlive/2021/texmf-dist/fonts/enc/dvips/lm/lm-mathsy.enc}{c:/texlive/2021/texmf-dist/fonts/enc/dvips/tex-gyre/q-ec.enc}{c:/texlive/2021/texmf-dist/fonts/enc/dvips/ebgaramond/ebgm_tcdnmr.enc}<c:/texlive/2021/texmf-dist/fonts/type1/public/ebgaramond/EBGaramond-Regular.pfb><c:/texlive/2021/texmf-dist/fonts/type1/public/amsfonts/latxfont/line10.pfb><c:/texlive/2021/texmf-dist/fonts/type1/public/amsfonts/latxfont/linew10.pfb><c:/texlive/2021/texmf-dist/fonts/type1/public/lm/lmex10.pfb><c:/texlive/2021/texmf-dist/fonts/type1/public/lm/lmmi12.pfb><c:/texlive/2021/texmf-dist/fonts/type1/public/lm/lmmi8.pfb><c:/texlive/2021/texmf-dist/fonts/type1/public/lm/lmr8.pfb><c:/texlive/2021/texmf-dist/fonts/type1/public/lm/lmsy10.pfb><c:/texlive/2021/texmf-dist/fonts/type1/public/tex-gyre/qtmb.pfb><c:/texlive/2021/texmf-dist/fonts/type1/public/tex-gyre/qtmr.pfb><c:/texlive/2021/texmf-dist/fonts/type1/public/tex-gyre/qtmri.pfb><c:/texlive/2021/texmf-dist/fonts/type1/public/txfonts/t1xtt.pfb>
Output written on main.pdf (34 pages, 1057797 bytes).
PDF statistics:
 802 PDF objects out of 1000 (max. 8388607)
 717 compressed objects within 8 object streams
 311 named destinations out of 1000 (max. 500000)
 314 words of extra memory for PDF output out of 10000 (max. 10000000)

